2012-08-21 23:05:23,416 Started Guinan
2012-08-21 23:05:23,439 connecting to iRODS: host=localhost port=1247 login=rods zone=tempZone
2012-08-21 23:06:36,550 Started Guinan
2012-08-21 23:06:36,574 connecting to iRODS: host=localhost port=1247 login=rods zone=tempZone
2012-08-21 23:06:36,598 Cannot access metrics file: /tempZone/home/rods/metrics.json in iRODS - Creating new one
2012-08-21 23:06:36,611 Exitting Guinan - status=0
2012-08-21 23:08:45,077 Started Guinan
2012-08-21 23:08:45,098 connecting to iRODS: host=localhost port=1247 login=rods zone=tempZone
2012-08-21 23:08:45,130 Exitting Guinan - status=0
2012-08-21 23:09:26,686 Started Guinan
2012-08-21 23:09:26,711 connecting to iRODS: host=localhost port=1247 login=rods zone=tempZone
2012-08-21 23:09:26,747 Exitting Guinan - status=0
2012-08-21 23:10:14,303 Started Guinan
2012-08-21 23:10:14,330 connecting to iRODS: host=localhost port=1247 login=rods zone=tempZone
2012-08-21 23:10:14,364 Exitting Guinan - status=0
2012-08-21 23:12:04,894 Started Guinan
2012-08-21 23:12:04,914 connecting to iRODS: host=localhost port=1247 login=rods zone=tempZone
2012-08-21 23:12:04,947 Exitting Guinan - status=0
2012-08-21 23:14:52,567 Started Guinan
2012-08-21 23:14:52,598 connecting to iRODS: host=localhost port=1247 login=rods zone=tempZone
2012-08-21 23:14:52,630 Updating metrics file: /tempZone/home/rods/metrics.json in iRODS
2012-08-21 23:14:52,650 Exitting Guinan - status=0
2012-08-22 18:30:03,964 Started Guinan
2012-08-22 18:30:04,029 connecting to iRODS: host=localhost port=1247 login=rods zone=tempZone
2012-08-22 18:30:04,058 Updating metrics file: /tempZone/home/rods/metrics.json in iRODS
2012-08-22 18:30:04,101 Exiting Guinan - status=0
2012-08-22 23:26:28,970 Started Guinan
2012-08-22 23:27:13,521 Started Guinan
2012-08-22 23:32:14,676 Started Guinan
2012-08-22 23:48:27,690 Started Guinan
2012-08-22 23:48:27,868 connecting to iRODS: host=localhost port=1247 login=rods zone=tempZone
2012-08-22 23:48:27,909 Updating metrics file: /tempZone/home/rods/metrics.json in iRODS
2012-08-22 23:48:27,929 Exiting Guinan - status=0
2012-08-22 23:49:31,033 Started Guinan
2012-08-22 23:49:31,062 connecting to iRODS: host=localhost port=1247 login=rods zone=tempZone
2012-08-22 23:49:31,093 Updating metrics file: /tempZone/home/rods/metrics.json in iRODS
2012-08-22 23:49:31,109 Exiting Guinan - status=0
2012-08-22 23:49:51,102 Started Guinan
2012-08-22 23:49:51,135 connecting to iRODS: host=localhost port=1247 login=rods zone=tempZone
2012-08-22 23:49:51,166 Updating metrics file: /tempZone/home/rods/metrics.json in iRODS
2012-08-22 23:49:51,183 Exiting Guinan - status=0
2012-08-22 23:50:42,009 Started Guinan
2012-08-22 23:50:42,050 connecting to iRODS: host=localhost port=1247 login=rods zone=tempZone
2012-08-22 23:50:42,081 Updating metrics file: /tempZone/home/rods/metrics.json in iRODS
2012-08-22 23:50:42,100 Exiting Guinan - status=0
2012-08-22 23:55:24,265 Started Guinan
2012-08-22 23:55:24,340 connecting to iRODS: host=localhost port=1247 login=rods zone=tempZone
2012-08-22 23:55:24,377 Updating metrics file: /tempZone/home/rods/metrics.json in iRODS
2012-08-22 23:55:24,502 Exiting Guinan - status=0
2012-08-22 23:57:43,868 Started Guinan
2012-08-22 23:57:43,895 connecting to iRODS: host=localhost port=1247 login=rods zone=tempZone
2012-08-22 23:57:43,937 Updating metrics file: /tempZone/home/rods/metrics.json in iRODS
2012-08-22 23:57:43,956 Exiting Guinan - status=0
2012-08-22 23:58:00,425 Started Guinan
2012-08-22 23:58:00,530 connecting to iRODS: host=localhost port=1247 login=rods zone=tempZone
2012-08-22 23:58:00,563 Updating metrics file: /tempZone/home/rods/metrics.json in iRODS
2012-08-22 23:58:00,580 Exiting Guinan - status=0
2012-08-23 00:21:53,240 Started Guinan
2012-08-23 00:21:53,269 connecting to iRODS: host=localhost port=1247 login=rods zone=tempZone
2012-08-23 00:21:53,312 Updating metrics file: /tempZone/home/rods/metrics.json in iRODS
2012-08-23 00:21:53,331 Exiting Guinan - status=0
2012-08-23 00:28:39,487 Started Guinan
2012-08-23 00:28:39,530 connecting to iRODS: host=localhost port=1247 login=rods zone=tempZone
2012-08-23 00:28:39,566 Updating metrics file: /tempZone/home/rods/metrics.json in iRODS
2012-08-23 00:28:39,583 Exiting Guinan - status=0
2012-08-23 00:28:55,404 Started Guinan
2012-08-23 00:28:55,445 connecting to iRODS: host=localhost port=1247 login=rods zone=tempZone
2012-08-23 00:28:55,473 Updating metrics file: /tempZone/home/rods/metrics.json in iRODS
2012-08-23 00:28:55,494 Exiting Guinan - status=0
2012-08-23 00:29:10,092 Started Guinan
2012-08-23 00:29:10,132 connecting to iRODS: host=localhost port=1247 login=rods zone=tempZone
2012-08-23 00:29:10,163 Updating metrics file: /tempZone/home/rods/metrics.json in iRODS
2012-08-23 00:29:10,177 Exiting Guinan - status=0
2012-08-23 00:30:11,912 Started Guinan
2012-08-23 00:30:20,729 Started Guinan
2012-08-23 00:30:20,773 connecting to iRODS: host=localhost port=1247 login=rods zone=tempZone
2012-08-23 00:30:20,804 Updating metrics file: /tempZone/home/rods/metrics.json in iRODS
2012-08-23 00:30:20,823 Exiting Guinan - status=0
2012-08-23 00:31:33,961 Started Guinan
2012-08-23 00:31:34,011 connecting to iRODS: host=localhost port=1247 login=rods zone=tempZone
2012-08-23 00:31:34,039 Updating metrics file: /tempZone/home/rods/metrics.json in iRODS
2012-08-23 00:31:34,056 Exiting Guinan - status=0
2012-08-23 00:33:18,155 Started Guinan
2012-08-23 00:33:18,189 connecting to iRODS: host=localhost port=1247 login=rods zone=tempZone
2012-08-23 00:33:18,231 Updating metrics file: /tempZone/home/rods/metrics.json in iRODS
2012-08-23 00:33:18,249 Exiting Guinan - status=0
2012-08-23 00:34:02,085 Started Guinan
2012-08-23 00:34:02,107 connecting to iRODS: host=localhost port=1247 login=rods zone=tempZone
2012-08-23 00:34:02,138 Updating metrics file: /tempZone/home/rods/metrics.json in iRODS
2012-08-23 00:34:02,154 Exiting Guinan - status=0
2012-08-23 00:34:15,403 Started Guinan
2012-08-23 00:34:15,436 connecting to iRODS: host=localhost port=1247 login=rods zone=tempZone
2012-08-23 00:34:15,471 Updating metrics file: /tempZone/home/rods/metrics.json in iRODS
2012-08-23 00:34:15,490 Exiting Guinan - status=0
2012-08-23 00:41:08,568 Started Guinan
2012-08-23 00:41:51,868 Started Guinan
2012-08-23 00:41:51,897 connecting to iRODS: host=localhost port=1247 login=rods zone=tempZone
2012-08-23 00:41:51,924 Updating metrics file: /tempZone/home/rods/metrics.json in iRODS
2012-08-23 00:41:51,941 Exiting Guinan - status=0
2012-08-23 00:50:21,887 Started Guinan
2012-08-23 00:54:31,353 Started Guinan
2012-08-23 00:56:50,636 Started Guinan
2012-08-23 00:56:50,667 connecting to iRODS: host=localhost port=1247 login=rods zone=tempZone
2012-08-23 00:56:50,697 Updating metrics file: /tempZone/home/rods/metrics.json in iRODS
2012-08-23 00:56:50,714 Exiting Guinan - status=0
2012-08-23 00:57:10,389 Started Guinan
2012-08-23 00:57:10,418 connecting to iRODS: host=localhost port=1247 login=rods zone=tempZone
2012-08-23 00:57:10,448 Updating metrics file: /tempZone/home/rods/metrics.json in iRODS
2012-08-23 00:57:10,465 Exiting Guinan - status=0
2012-08-23 02:04:15,099 Started Guinan
2012-08-23 02:04:15,100 collecting iRODS credentials from "/opt/iRODS"
2012-08-23 02:04:15,126 connecting to iRODS: host=localhost port=1247 login=rods zone=tempZone
2012-08-23 02:04:15,156 Updating metrics file: /tempZone/home/rods/metrics.json in iRODS
2012-08-23 02:04:15,171 Exiting Guinan - status=0
